running egg_info
writing ../../build/base_controller/base_controller.egg-info/PKG-INFO
writing dependency_links to ../../build/base_controller/base_controller.egg-info/dependency_links.txt
writing entry points to ../../build/base_controller/base_controller.egg-info/entry_points.txt
writing requirements to ../../build/base_controller/base_controller.egg-info/requires.txt
writing top-level names to ../../build/base_controller/base_controller.egg-info/top_level.txt
reading manifest file '../../build/base_controller/base_controller.egg-info/SOURCES.txt'
writing manifest file '../../build/base_controller/base_controller.egg-info/SOURCES.txt'
running build
running build_py
running install
running install_lib
running install_data
creating /home/thxssio/drone/taura-air-system/install/base_controller/share/base_controller/config
copying config/mavros_config.yaml -> /home/thxssio/drone/taura-air-system/install/base_controller/share/base_controller/config
running install_egg_info
removing '/home/thxssio/drone/taura-air-system/install/base_controller/lib/python3.10/site-packages/base_controller-1.0.0-py3.10.egg-info' (and everything under it)
Copying ../../build/base_controller/base_controller.egg-info to /home/thxssio/drone/taura-air-system/install/base_controller/lib/python3.10/site-packages/base_controller-1.0.0-py3.10.egg-info
running install_scripts
Installing controller script to /home/thxssio/drone/taura-air-system/install/base_controller/lib/base_controller
writing list of installed files to '/home/thxssio/drone/taura-air-system/build/base_controller/install.log'
