running egg_info
creating ../../build/base_controller/base_controller.egg-info
writing ../../build/base_controller/base_controller.egg-info/PKG-INFO
writing dependency_links to ../../build/base_controller/base_controller.egg-info/dependency_links.txt
writing entry points to ../../build/base_controller/base_controller.egg-info/entry_points.txt
writing requirements to ../../build/base_controller/base_controller.egg-info/requires.txt
writing top-level names to ../../build/base_controller/base_controller.egg-info/top_level.txt
writing manifest file '../../build/base_controller/base_controller.egg-info/SOURCES.txt'
reading manifest file '../../build/base_controller/base_controller.egg-info/SOURCES.txt'
writing manifest file '../../build/base_controller/base_controller.egg-info/SOURCES.txt'
running build
running build_py
creating /home/thxssio/drone/taura-air-system/build/base_controller/build
creating /home/thxssio/drone/taura-air-system/build/base_controller/build/lib
creating /home/thxssio/drone/taura-air-system/build/base_controller/build/lib/base_controller
copying base_controller/__init__.py -> /home/thxssio/drone/taura-air-system/build/base_controller/build/lib/base_controller
copying base_controller/controller.py -> /home/thxssio/drone/taura-air-system/build/base_controller/build/lib/base_controller
running install
running install_lib
creating /home/thxssio/drone/taura-air-system/install/base_controller/lib/python3.10/site-packages/base_controller
copying /home/thxssio/drone/taura-air-system/build/base_controller/build/lib/base_controller/__init__.py -> /home/thxssio/drone/taura-air-system/install/base_controller/lib/python3.10/site-packages/base_controller
copying /home/thxssio/drone/taura-air-system/build/base_controller/build/lib/base_controller/controller.py -> /home/thxssio/drone/taura-air-system/install/base_controller/lib/python3.10/site-packages/base_controller
byte-compiling /home/thxssio/drone/taura-air-system/install/base_controller/lib/python3.10/site-packages/base_controller/__init__.py to __init__.cpython-310.pyc
byte-compiling /home/thxssio/drone/taura-air-system/install/base_controller/lib/python3.10/site-packages/base_controller/controller.py to controller.cpython-310.pyc
running install_data
creating /home/thxssio/drone/taura-air-system/install/base_controller/share/ament_index
creating /home/thxssio/drone/taura-air-system/install/base_controller/share/ament_index/resource_index
creating /home/thxssio/drone/taura-air-system/install/base_controller/share/ament_index/resource_index/packages
copying resource/base_controller -> /home/thxssio/drone/taura-air-system/install/base_controller/share/ament_index/resource_index/packages
copying package.xml -> /home/thxssio/drone/taura-air-system/install/base_controller/share/base_controller
creating /home/thxssio/drone/taura-air-system/install/base_controller/share/base_controller/launch
copying launch/start_controller.launch.py -> /home/thxssio/drone/taura-air-system/install/base_controller/share/base_controller/launch
running install_egg_info
Copying ../../build/base_controller/base_controller.egg-info to /home/thxssio/drone/taura-air-system/install/base_controller/lib/python3.10/site-packages/base_controller-1.0.0-py3.10.egg-info
running install_scripts
Installing controller script to /home/thxssio/drone/taura-air-system/install/base_controller/lib/base_controller
writing list of installed files to '/home/thxssio/drone/taura-air-system/build/base_controller/install.log'
